(Loading /usr/share/perl5/LaTeXML/Package/TeX.pool.ltxml...
(Loading /usr/share/perl5/LaTeXML/Package/eTeX.pool.ltxml... 0.00 sec)
(Loading /usr/share/perl5/LaTeXML/Package/pdfTeX.pool.ltxml... 0.01 sec) 0.12 sec)
latexmlc (LaTeXML version 0.8.8)
invoked as [/usr/bin/latexmlc tao_bourgain.tex --dest=tao_bourgain.html]
processing started Thu Sep 18 17:54:52 2025
(Digesting TeX tao_bourgain...
(Processing content /mnt/c/Users/robrahm/Documents/accespack/tao_bourgain.tex...
(Loading /usr/share/perl5/LaTeXML/Package/LaTeX.pool.ltxml...
(Loading /usr/share/perl5/LaTeXML/Package/textcomp.sty.ltxml...
(Processing definitions /usr/share/texlive/texmf-dist/tex/latex/base/ts1enc.dfu... 0.01 sec) 0.09 sec) 0.24 sec)
(Loading /usr/share/perl5/LaTeXML/Package/amsart.cls.ltxml...
(Loading /usr/share/perl5/LaTeXML/Package/ams_core.cls.ltxml...
(Loading /usr/share/perl5/LaTeXML/Package/article.cls.ltxml... 0.01 sec)
(Loading /usr/share/perl5/LaTeXML/Package/ams_support.sty.ltxml...
(Loading /usr/share/perl5/LaTeXML/Package/amsmath.sty.ltxml...
(Loading /usr/share/perl5/LaTeXML/Package/amsbsy.sty.ltxml...
(Loading /usr/share/perl5/LaTeXML/Package/amsgen.sty.ltxml... 0.00 sec) 0.01 sec)
(Loading /usr/share/perl5/LaTeXML/Package/amstext.sty.ltxml... 0.00 sec)
(Loading /usr/share/perl5/LaTeXML/Package/amsopn.sty.ltxml... 0.01 sec) 0.05 sec)
(Loading /usr/share/perl5/LaTeXML/Package/amsthm.sty.ltxml... 0.01 sec)
(Loading /usr/share/perl5/LaTeXML/Package/amsfonts.sty.ltxml... 0.00 sec)
(Loading /usr/share/perl5/LaTeXML/Package/makeidx.sty.ltxml... 0.00 sec) 0.08 sec) 0.10 sec) 0.11 sec)
(Loading /usr/share/perl5/LaTeXML/Package/amssymb.sty.ltxml... 0.01 sec)
(Loading /usr/share/perl5/LaTeXML/Package/amscd.sty.ltxml... 0.01 sec)
(Loading /usr/share/perl5/LaTeXML/Package/enumerate.sty.ltxml... 0.00 sec)
(Loading /usr/share/perl5/LaTeXML/Package/graphicx.sty.ltxml...
(Loading /usr/share/perl5/LaTeXML/Package/graphics.sty.ltxml... 0.01 sec) 0.02 sec)
(Loading /usr/share/perl5/LaTeXML/Package/siunitx.sty.ltxml...
(Loading /usr/share/perl5/LaTeXML/Package/expl3.sty.ltxml...
(Loading /usr/share/perl5/LaTeXML/Package/expl3.lua.ltxml... 0.00 sec)
(Processing definitions /usr/share/texlive/texmf-dist/tex/latex/l3kernel/expl3.sty...
(Processing definitions /usr/share/texlive/texmf-dist/tex/latex/l3kernel/expl3-code.tex...
Package: expl3
2024-01-22 L3 programming layer (code)
Fatal:timeout:timedout Conversion timed out
	at expl3-code.tex; line 33083 col 7 - line 33083 col 7
	ALRM
	In Core::Gullet[@0x7fffd88deaf0] /usr/share/texlive/texmf-dist/tex/latex/l3kernel/expl3-code.tex; from line 33083 col 7 to line 33083 col 7
(Building...
(Loading compiled schema /usr/share/perl5/LaTeXML/resources/RelaxNG/LaTeXML.model... 0.01 sec) 0.02 sec)
(Rewriting... 0.00 sec)
(Finalizing... 0.00 sec)
Conversion complete: 1 fatal error (See /mnt/c/Users/robrahm/Documents/accespack/tao_bourgain.latexml.log)
LaTeXML died!
(post-processing...
(Scan tao_bourgain.html processing...
Scan: DBStatus: 3/0 objects
 0.00 sec)
(CrossRef tao_bourgain.html processing... 0.00 sec)
(XSLT[using LaTeXML-html5.xsl] tao_bourgain.html processing... 0.00 sec)
(Writer tao_bourgain.html processing... 0.00 sec) 0.01 sec)
Post-processing complete: No obvious problems
processing finished Thu Sep 18 18:04:53 2025
Status:conversion:3
